<?xml version="1.0" encoding="UTF-8"?>
<!-- Generated by org.testng.reporters.JUnitReportReporter -->
<testsuite hostname="DESKTOP-VDH52UB" failures="0" tests="1" name="SumValidation" time="0.862" errors="0" timestamp="2023-11-11T19:50:24 IST" skipped="0">
  <testcase classname="SumValidation" name="sumOfCourses" time="0.862"/>
  <system-out/>
</testsuite> <!-- SumValidation -->
