<?xml version="1.0" encoding="UTF-8"?>
<!-- Generated by org.testng.reporters.JUnitReportReporter -->
<testsuite hostname="DESKTOP-VDH52UB" failures="0" tests="6" name="Basics_of_Restassured.AutomateGET" time="10.554" errors="0" timestamp="2023-11-19T19:55:35 IST" skipped="0">
  <testcase classname="Basics_of_Restassured.AutomateGET" name="log_only_if_error" time="1.316"/>
  <system-out/>
  <testcase classname="Basics_of_Restassured.AutomateGET" name="request_response_logging_operations" time="1.468"/>
  <system-out/>
  <testcase classname="Basics_of_Restassured.AutomateGET" name="extract_response" time="2.669"/>
  <system-out/>
  <testcase classname="Basics_of_Restassured.AutomateGET" name="hamcrest_assert_on_extracted_response" time="1.519"/>
  <system-out/>
  <testcase classname="Basics_of_Restassured.AutomateGET" name="validate_get_status_code" time="1.715"/>
  <system-out/>
  <testcase classname="Basics_of_Restassured.AutomateGET" name="extract_single_value_from_response" time="1.867"/>
  <system-out/>
</testsuite> <!-- Basics_of_Restassured.AutomateGET -->
